<?xml version="1.0" encoding="UTF-8"?>
<!-- Generated by org.testng.reporters.JUnitXMLReporter -->
<testsuite ignored="1" hostname="DESKTOP-BOF2DA1" failures="0" tests="8" name="Default test(failed)" time="115.47" errors="0" timestamp="2022-10-30T09:39:02 IST">
  <testcase classname="TestCase.LoginPage1Test" name="verifyUrlTest" time="7.985"/>
  <testcase classname="TestCase.LoginPage1Test" name="verifyUrlTest" time="0.284"/>
  <testcase classname="TestCase.LoginPage1Test" name="verifyUrlTest" time="0.266"/>
  <testcase classname="TestCase.LoginPage1Test" name="verifyLogo1Test" time="0.249"/>
  <testcase classname="TestCase.LoginPage1Test" name="verifyLogo2" time="0.184"/>
  <testcase classname="TestCase.LoginPage1Test" name="verifyLoginToAppTest" time="2.16"/>
  <testcase classname="TestCase.LoginPage1Test" name="verifyLoginToAppIsSuccessfulTest" time="2.732"/>
  <testcase classname="TestCase.LoginPage1Test" name="verifyLoginToAppIsSuccessful2Test" time="3.611"/>
  <testcase classname="TestCase.LoginPage1Test" name="verifyTitleTest" time="0.0">
    <ignored/>
  </testcase> <!-- verifyTitleTest -->
</testsuite> <!-- Default test(failed) -->
