<?xml version="1.0" encoding="UTF-8"?>
<!-- Generated by org.testng.reporters.JUnitXMLReporter -->
<testsuite ignored="10" hostname="DESKTOP-BOF2DA1" failures="0" tests="4" name="Test(failed)(failed)" time="35.739" errors="0" timestamp="2022-10-22T18:49:25 IST">
  <testcase classname="TestCase.LoginPage1Test" name="verifyLogo1Test" time="0.21"/>
  <testcase classname="TestCase.LoginPage1Test" name="verifyLogo2" time="0.19"/>
  <testcase classname="TestCase.Page2Test" name="verifyFacebookTest" time="1.589"/>
  <testcase classname="TestCase.Page2Test" name="verifylinkedinTest" time="2.131"/>
  <testcase classname="TestCase.LoginPage1Test" name="verifyUrlTest" time="0.0">
    <ignored/>
  </testcase> <!-- verifyUrlTest -->
  <testcase classname="TestCase.Page2Test" name="verifySmallLogoTest" time="0.0">
    <ignored/>
  </testcase> <!-- verifySmallLogoTest -->
  <testcase classname="TestCase.LoginPage1Test" name="verifyLoginToAppIsSuccessful2Test" time="0.0">
    <ignored/>
  </testcase> <!-- verifyLoginToAppIsSuccessful2Test -->
  <testcase classname="TestCase.Page2Test" name="verifyAdd6ProductsTest" time="0.0">
    <ignored/>
  </testcase> <!-- verifyAdd6ProductsTest -->
  <testcase classname="TestCase.Page2Test" name="verifyTwiterTest" time="0.0">
    <ignored/>
  </testcase> <!-- verifyTwiterTest -->
  <testcase classname="TestCase.Page2Test" name="verifyLargeLogoTest" time="0.0">
    <ignored/>
  </testcase> <!-- verifyLargeLogoTest -->
  <testcase classname="TestCase.Page2Test" name="verifyNextPageOpeningTest" time="0.0">
    <ignored/>
  </testcase> <!-- verifyNextPageOpeningTest -->
  <testcase classname="TestCase.LoginPage1Test" name="verifyLoginToAppIsSuccessfulTest" time="0.0">
    <ignored/>
  </testcase> <!-- verifyLoginToAppIsSuccessfulTest -->
  <testcase classname="TestCase.LoginPage1Test" name="verifyLoginToAppTest" time="0.0">
    <ignored/>
  </testcase> <!-- verifyLoginToAppTest -->
  <testcase classname="TestCase.LoginPage1Test" name="verifyTitleTest" time="0.0">
    <ignored/>
  </testcase> <!-- verifyTitleTest -->
</testsuite> <!-- Test(failed)(failed) -->
