<?xml version="1.0" encoding="UTF-8"?>
<!-- Generated by org.testng.reporters.JUnitXMLReporter -->
<testsuite ignored="0" hostname="DESKTOP-BOF2DA1" failures="1" tests="47" name="Test" time="457.229" errors="0" timestamp="2022-10-23T10:01:47 IST">
  <testcase classname="TestCase.Page6Test" name="verifyAboutLinkTest" time="6.545"/>
  <testcase classname="TestCase.Page6Test" name="verifyAllItemsLinkTest" time="0.355"/>
  <testcase classname="TestCase.Page6Test" name="verifyCheckoutCompleteLabelTest" time="0.087"/>
  <testcase classname="TestCase.Page6Test" name="verifyHomeBtnClickTest" time="0.175"/>
  <testcase classname="TestCase.Page6Test" name="verifyHomeBtnTest" time="0.066"/>
  <testcase classname="TestCase.Page6Test" name="verifyHorseLogoTest" time="0.11"/>
  <testcase classname="TestCase.Page6Test" name="verifyLogoutTest" time="0.274"/>
  <testcase classname="TestCase.Page6Test" name="verifyThankuTextTest" time="0.07"/>
  <testcase classname="TestCase.Page6Test" name="verifyorderTextTest" time="0.064"/>
  <testcase classname="TestCase.LoginPage1Test" name="verifyTitleTest" time="5.032">
    <failure type="org.testng.internal.thread.ThreadTimeoutException" message="Method TestCase.LoginPage1Test.verifyTitleTest() didn&amp;apos;t finish within the time-out 5000">
      <![CDATA[org.testng.internal.thread.ThreadTimeoutException: Method TestCase.LoginPage1Test.verifyTitleTest() didn't finish within the time-out 5000
at java.base@11.0.15.1/java.io.RandomAccessFile.readBytes(Native Method)
at java.base@11.0.15.1/java.io.RandomAccessFile.read(RandomAccessFile.java:407)
at java.base@11.0.15.1/java.io.RandomAccessFile.readFully(RandomAccessFile.java:471)
at java.base@11.0.15.1/java.util.zip.ZipFile$Source.readFullyAt(ZipFile.java:1330)
at java.base@11.0.15.1/java.util.zip.ZipFile$ZipFileInputStream.initDataOffset(ZipFile.java:996)
at java.base@11.0.15.1/java.util.zip.ZipFile$ZipFileInputStream.read(ZipFile.java:1011)
at java.base@11.0.15.1/java.util.zip.ZipFile$ZipFileInflaterInputStream.fill(ZipFile.java:469)
at java.base@11.0.15.1/java.util.zip.InflaterInputStream.read(InflaterInputStream.java:159)
at java.base@11.0.15.1/java.io.FilterInputStream.read(FilterInputStream.java:133)
at java.base@11.0.15.1/sun.nio.cs.StreamDecoder.readBytes(StreamDecoder.java:284)
at java.base@11.0.15.1/sun.nio.cs.StreamDecoder.implRead(StreamDecoder.java:326)
at java.base@11.0.15.1/sun.nio.cs.StreamDecoder.read(StreamDecoder.java:178)
at java.base@11.0.15.1/java.io.InputStreamReader.read(InputStreamReader.java:181)
at java.base@11.0.15.1/java.io.Reader.read(Reader.java:229)
at java.base@11.0.15.1/java.util.Properties$LineReader.readLine(Properties.java:504)
at java.base@11.0.15.1/java.util.Properties.load0(Properties.java:419)
at java.base@11.0.15.1/java.util.Properties.load(Properties.java:382)
at java.base@11.0.15.1/java.util.PropertyResourceBundle.<init>(PropertyResourceBundle.java:200)
at java.base@11.0.15.1/java.util.PropertyResourceBundle.<init>(PropertyResourceBundle.java:177)
at java.base@11.0.15.1/java.util.ResourceBundle$Control.newBundle(ResourceBundle.java:3235)
at java.base@11.0.15.1/java.util.ResourceBundle.loadBundle(ResourceBundle.java:1994)
at java.base@11.0.15.1/java.util.ResourceBundle.findBundle(ResourceBundle.java:1776)
at java.base@11.0.15.1/java.util.ResourceBundle.findBundle(ResourceBundle.java:1728)
at java.base@11.0.15.1/java.util.ResourceBundle.findBundle(ResourceBundle.java:1728)
at java.base@11.0.15.1/java.util.ResourceBundle.getBundleImpl(ResourceBundle.java:1662)
at java.base@11.0.15.1/java.util.ResourceBundle.getBundleImpl(ResourceBundle.java:1593)
at java.base@11.0.15.1/java.util.ResourceBundle.getBundle(ResourceBundle.java:1284)
at app//org.apache.xmlbeans.impl.regex.RegexParser.setLocale(RegexParser.java:86)
at app//org.apache.xmlbeans.impl.regex.RegexParser.<init>(RegexParser.java:79)
at app//org.apache.xmlbeans.impl.regex.ParserForXMLSchema.<init>(ParserForXMLSchema.java:29)
at app//org.apache.xmlbeans.impl.regex.RegularExpression.setPattern(RegularExpression.java:2261)
at app//org.apache.xmlbeans.impl.regex.RegularExpression.setPattern(RegularExpression.java:2278)
at app//org.apache.xmlbeans.impl.regex.RegularExpression.setPattern(RegularExpression.java:2274)
at app//org.apache.xmlbeans.impl.regex.RegularExpression.<init>(RegularExpression.java:2225)
at app//org.apache.xmlbeans.impl.regex.SchemaRegularExpression.<init>(SchemaRegularExpression.java:27)
at app//org.apache.xmlbeans.impl.regex.SchemaRegularExpression.<init>(SchemaRegularExpression.java:23)
at app//org.apache.xmlbeans.impl.regex.SchemaRegularExpression$1.<init>(SchemaRegularExpression.java:44)
at app//org.apache.xmlbeans.impl.regex.SchemaRegularExpression.buildKnownPatternMap(SchemaRegularExpression.java:43)
at app//org.apache.xmlbeans.impl.regex.SchemaRegularExpression.<clinit>(SchemaRegularExpression.java:38)
at app//org.apache.xmlbeans.impl.schema.BuiltinSchemaTypeSystem.fillInType(BuiltinSchemaTypeSystem.java:1008)
at app//org.apache.xmlbeans.impl.schema.BuiltinSchemaTypeSystem.<clinit>(BuiltinSchemaTypeSystem.java:208)
at app//org.apache.xmlbeans.XmlBeans.getNoType(XmlBeans.java:504)
at app//org.apache.xmlbeans.XmlBeans.<clinit>(XmlBeans.java:517)
at app//org.apache.xmlbeans.impl.schema.SchemaTypeLoaderBase.<clinit>(SchemaTypeLoaderBase.java:38)
at app//org.openxmlformats.schemas.drawingml.x2006.main.ThemeDocument.<clinit>(ThemeDocument.java:23)
at app//org.apache.poi.xssf.model.ThemesTable.readFrom(ThemesTable.java:119)
at app//org.apache.poi.xssf.model.ThemesTable.<init>(ThemesTable.java:87)
at app//org.apache.poi.xssf.usermodel.XSSFRelation$$Lambda$620/0x0000000100487040.init(Unknown Source)
at app//org.apache.poi.ooxml.POIXMLFactory.createDocumentPart(POIXMLFactory.java:61)
at app//org.apache.poi.ooxml.POIXMLDocumentPart.read(POIXMLDocumentPart.java:661)
at app//org.apache.poi.ooxml.POIXMLDocument.load(POIXMLDocument.java:165)
at app//org.apache.poi.xssf.usermodel.XSSFWorkbook.<init>(XSSFWorkbook.java:260)
at app//org.apache.poi.xssf.usermodel.XSSFWorkbookFactory.createWorkbook(XSSFWorkbookFactory.java:118)
at app//org.apache.poi.xssf.usermodel.XSSFWorkbookFactory.create(XSSFWorkbookFactory.java:98)
at app//org.apache.poi.xssf.usermodel.XSSFWorkbookFactory.create(XSSFWorkbookFactory.java:36)
at app//org.apache.poi.ss.usermodel.WorkbookFactory.lambda$create$2(WorkbookFactory.java:224)
at app//org.apache.poi.ss.usermodel.WorkbookFactory$$Lambda$543/0x0000000100427040.create(Unknown Source)
at app//org.apache.poi.ss.usermodel.WorkbookFactory.wp(WorkbookFactory.java:329)
at app//org.apache.poi.ss.usermodel.WorkbookFactory.create(WorkbookFactory.java:224)
at app//org.apache.poi.ss.usermodel.WorkbookFactory.create(WorkbookFactory.java:185)
at app//Utility.ReadData.excelFile(ReadData.java:16)
at app//TestCase.LoginPage1Test.verifyTitleTest(LoginPage1Test.java:28)
at java.base@11.0.15.1/java.util.concurrent.FutureTask.run(FutureTask.java:264)
at java.base@11.0.15.1/java.util.concurrent.ThreadPoolExecutor.runWorker(ThreadPoolExecutor.java:1128)
at java.base@11.0.15.1/java.util.concurrent.ThreadPoolExecutor$Worker.run(ThreadPoolExecutor.java:628)
at java.base@11.0.15.1/java.lang.Thread.run(Thread.java:834)
... Removed 8 stack frames]]>
    </failure>
  </testcase> <!-- verifyTitleTest -->
  <testcase classname="TestCase.LoginPage1Test" name="verifyUrlTest" time="0.216"/>
  <testcase classname="TestCase.LoginPage1Test" name="verifyUrlTest" time="0.093"/>
  <testcase classname="TestCase.LoginPage1Test" name="verifyUrlTest" time="0.162"/>
  <testcase classname="TestCase.LoginPage1Test" name="verifyLogo1Test" time="0.195"/>
  <testcase classname="TestCase.LoginPage1Test" name="verifyLogo2" time="0.254"/>
  <testcase classname="TestCase.LoginPage1Test" name="verifyLoginToAppTest" time="1.177"/>
  <testcase classname="TestCase.LoginPage1Test" name="verifyLoginToAppIsSuccessfulTest" time="2.277"/>
  <testcase classname="TestCase.LoginPage1Test" name="verifyLoginToAppIsSuccessful2Test" time="0.787"/>
  <testcase classname="TestCase.Page3Test" name="verifyCheckoutTest" time="0.148"/>
  <testcase classname="TestCase.Page3Test" name="verifyNoOfProductsTest" time="0.031"/>
  <testcase classname="TestCase.Page3Test" name="verifyProductName1Test" time="0.053"/>
  <testcase classname="TestCase.Page3Test" name="verifyProductName2Test" time="0.065"/>
  <testcase classname="TestCase.Page3Test" name="verifyProductName3Test" time="0.069"/>
  <testcase classname="TestCase.Page3Test" name="verifyProductName4Test" time="0.062"/>
  <testcase classname="TestCase.Page3Test" name="verifyProductName5Test" time="0.069"/>
  <testcase classname="TestCase.Page3Test" name="verifyProductName6Test" time="0.099"/>
  <testcase classname="TestCase.Page3Test" name="verifyRemovalOf2ProductsTest" time="0.374"/>
  <testcase classname="TestCase.Page2Test" name="verifyAdd6ProductsTest" time="2.872"/>
  <testcase classname="TestCase.Page2Test" name="verifyFacebookTest" time="1.989"/>
  <testcase classname="TestCase.Page2Test" name="verifyLargeLogoTest" time="1.113"/>
  <testcase classname="TestCase.Page2Test" name="verifyNextPageOpeningTest" time="1.956"/>
  <testcase classname="TestCase.Page2Test" name="verifySmallLogoTest" time="1.07"/>
  <testcase classname="TestCase.Page2Test" name="verifyTwiterTest" time="0.831"/>
  <testcase classname="TestCase.Page2Test" name="verifylinkedinTest" time="1.23"/>
  <testcase classname="TestCase.Page4Test" name="verifyContinueBtnTest" time="0.133"/>
  <testcase classname="TestCase.Page4Test" name="verifyFirstNameTest" time="0.171"/>
  <testcase classname="TestCase.Page4Test" name="verifyLastNameTest" time="0.28"/>
  <testcase classname="TestCase.Page4Test" name="verifyPage4LabelTest" time="0.062"/>
  <testcase classname="TestCase.Page4Test" name="verifyPostalCodeTest" time="0.165"/>
  <testcase classname="TestCase.Page5Test" name="verifyFinishBtn" time="0.148"/>
  <testcase classname="TestCase.Page5Test" name="verifyItemTotalTest" time="0.063"/>
  <testcase classname="TestCase.Page5Test" name="verifyNoOfProductsTest" time="0.042"/>
  <testcase classname="TestCase.Page5Test" name="verifyOverviewLabelTest" time="0.055"/>
  <testcase classname="TestCase.Page5Test" name="verifyShippingInfoTest" time="0.116"/>
  <testcase classname="TestCase.Page5Test" name="verifyTaxTest" time="0.074"/>
  <testcase classname="TestCase.Page5Test" name="verifyTotalTest" time="0.067"/>
  <testcase classname="TestCase.Page5Test" name="verifypaymentInfoTest" time="0.049"/>
</testsuite> <!-- Test -->
