<?xml version="1.0" encoding="UTF-8"?>
<!-- Generated by org.testng.reporters.JUnitXMLReporter -->
<testsuite ignored="6" hostname="DESKTOP-BOF2DA1" failures="0" tests="1" name="Test(failed)" time="15.429" errors="0" timestamp="2022-10-23T10:04:55 IST">
  <testcase classname="TestCase.LoginPage1Test" name="verifyTitleTest" time="2.264"/>
  <testcase classname="TestCase.LoginPage1Test" name="verifyUrlTest" time="0.0">
    <ignored/>
  </testcase> <!-- verifyUrlTest -->
  <testcase classname="TestCase.LoginPage1Test" name="verifyLogo1Test" time="0.0">
    <ignored/>
  </testcase> <!-- verifyLogo1Test -->
  <testcase classname="TestCase.LoginPage1Test" name="verifyLoginToAppIsSuccessful2Test" time="0.0">
    <ignored/>
  </testcase> <!-- verifyLoginToAppIsSuccessful2Test -->
  <testcase classname="TestCase.LoginPage1Test" name="verifyLoginToAppIsSuccessfulTest" time="0.0">
    <ignored/>
  </testcase> <!-- verifyLoginToAppIsSuccessfulTest -->
  <testcase classname="TestCase.LoginPage1Test" name="verifyLogo2" time="0.0">
    <ignored/>
  </testcase> <!-- verifyLogo2 -->
  <testcase classname="TestCase.LoginPage1Test" name="verifyLoginToAppTest" time="0.0">
    <ignored/>
  </testcase> <!-- verifyLoginToAppTest -->
</testsuite> <!-- Test(failed) -->
