<?xml version="1.0" encoding="UTF-8"?>
<testng-results ignored="1" total="2" passed="1" failed="0" skipped="0">
  <reporter-output>
  </reporter-output>
  <suite started-at="2022-11-03T15:50:33 IST" name="Default suite" finished-at="2022-11-03T15:50:53 IST" duration-ms="20502">
    <groups>
    </groups>
    <test started-at="2022-11-03T15:50:33 IST" name="Default test" finished-at="2022-11-03T15:50:53 IST" duration-ms="20502">
      <class name="TestCase.SoftAssertion">
        <test-method is-config="true" signature="setup()[pri:0, instance:TestCase.SoftAssertion@57cf54e1]" started-at="2022-11-03T15:50:33 IST" name="setup" finished-at="2022-11-03T15:50:52 IST" duration-ms="18797" status="PASS">
          <reporter-output>
          </reporter-output>
        </test-method> <!-- setup -->
        <test-method signature="logoTest()[pri:0, instance:TestCase.SoftAssertion@57cf54e1]" started-at="2022-11-03T15:50:52 IST" name="logoTest" finished-at="2022-11-03T15:50:52 IST" duration-ms="456" status="PASS">
          <reporter-output>
          </reporter-output>
        </test-method> <!-- logoTest -->
        <test-method is-config="true" signature="closeBrowser()[pri:0, instance:TestCase.SoftAssertion@57cf54e1]" started-at="2022-11-03T15:50:52 IST" name="closeBrowser" finished-at="2022-11-03T15:50:53 IST" duration-ms="1017" status="PASS">
          <reporter-output>
          </reporter-output>
        </test-method> <!-- closeBrowser -->
      </class> <!-- TestCase.SoftAssertion -->
    </test> <!-- Default test -->
  </suite> <!-- Default suite -->
</testng-results>
